[0mPOST /api/product/add [31m500 [0m821.137 ms - 2070[0m
[0mPOST /api/product/add [31m500 [0m437.209 ms - 2070[0m
[0mPOST /api/product/add [32m200 [0m633.360 ms - 54[0m
[0mGET /api/product/getAllproduct [31m500 [0m18.592 ms - 2070[0m
[0mGET /api/product/getAllproduct [32m200 [0m48.963 ms - 479[0m
[0mPOST /api/product/add [33m409 [0m1642.400 ms - 2070[0m
[0mPOST /api/product/add [32m200 [0m1607.394 ms - 54[0m
[0mGET /api/product/getAllproduct [32m200 [0m239.775 ms - 934[0m
[0mGET /api/User/register [33m404 [0m784.099 ms - 2519[0m
[0mGET /api/User/register [33m404 [0m44.358 ms - 2482[0m
[0mGET /api/User/register [33m404 [0m49.274 ms - 28[0m
[0mGET /api/user/register [33m404 [0m9.463 ms - 28[0m
[0mPOST /api/user/register [32m200 [0m1396.912 ms - 100[0m
[0mGET / [33m404 [0m78.425 ms - 2519[0m
[0mGET / [33m404 [0m44.308 ms - 2519[0m
[0mPOST /api/user/register [33m409 [0m694.577 ms - 38[0m
[0mPOST /api/user/register [32m200 [0m735.410 ms - 102[0m
[0mPOST /api/user/register [33m409 [0m494.213 ms - 38[0m
[0mPOST /api/user/register [32m200 [0m651.011 ms - 105[0m
[0mPOST /api/user/register [32m200 [0m659.579 ms - 105[0m
[0mPOST /api/user/login [32m200 [0m587.512 ms - 228[0m
[0mPOST /api/user/login [33m401 [0m478.582 ms - 34[0m
[0mOPTIONS /api/category/main-list [32m204 [0m3.486 ms - 0[0m
[0mOPTIONS /api/category/sub-list [32m204 [0m1.791 ms - 0[0m
[0mGET /api/category/main-list [33m404 [0m33.828 ms - 2519[0m
[0mGET /api/category/sub-list [31m500 [0m56.757 ms - 2089[0m
[0mOPTIONS /api/category/main-list [32m204 [0m1.499 ms - 0[0m
[0mGET /api/category/main-list [33m404 [0m6.575 ms - 2519[0m
[0mPOST /api/category/create [32m200 [0m293.497 ms - 55[0m
[0mPOST /api/category/create [31m500 [0m60.130 ms - 34[0m
[0mPOST /api/category/create [32m200 [0m345.205 ms - 55[0m
[0mGET /api/category/main/list [33m404 [0m9.448 ms - 28[0m
[0mGET /api/category/main/list [33m404 [0m4.198 ms - 28[0m
[0mPOST /api/category/sub-category/create [33m404 [0m31.250 ms - 28[0m
[0mPOST /api/category/sub-category/create [33m404 [0m6.776 ms - 28[0m
[0mPOST /api/category/sub-category/create [32m200 [0m349.397 ms - 55[0m
[0mGET /api/category/sub-category/list [33m404 [0m12.663 ms - 28[0m
[0mGET /api/category/sub-category/create [33m404 [0m7.308 ms - 28[0m
[0mPOST /api/category/sub-category/create [32m200 [0m147.660 ms - 55[0m
[0mGET /api/category/sub-category/list [33m404 [0m3.618 ms - 28[0m
[0mGET /api/category/sub-category/list [33m404 [0m4.151 ms - 28[0m
[0mGET /api/category/sub-category/list [31m500 [0m47.305 ms - 34[0m
[0mGET /api/category/sub-category/list [32m200 [0m46.594 ms - 291[0m
[0mGET /api/category/list [33m404 [0m39.879 ms - 28[0m
[0mGET /api/categorymain/list [33m404 [0m4.806 ms - 28[0m
[0mGET /api/category/main/list [32m200 [0m13.182 ms - 291[0m
[0mGET /api/category/sub-category/list [0m- [0m- ms - -[0m
[0mGET /api/category/sub-category/list [32m200 [0m100.086 ms - 291[0m
[0mGET /api/category/sub-category/list [32m200 [0m48.187 ms - 273[0m
[0mPOST /api/category/child-category/create [32m200 [0m180.380 ms - 60[0m
[0mPOST /api/category/child-category/create [32m200 [0m116.888 ms - 60[0m
[0mGET /api/category/child-category/list [31m500 [0m54.888 ms - 34[0m
[0mGET /api/category/child-category/list [32m200 [0m48.273 ms - 305[0m
[0mOPTIONS / [32m204 [0m16.862 ms - 0[0m
[0mGET / [33m404 [0m349.777 ms - 2519[0m
[0mOPTIONS / [32m204 [0m1.794 ms - 0[0m
[0mPOST / [33m404 [0m4.979 ms - 28[0m
[0mOPTIONS / [32m204 [0m1.651 ms - 0[0m
[0mPOST / [33m404 [0m3.869 ms - 28[0m
[0mOPTIONS / [32m204 [0m1.397 ms - 0[0m
[0mGET / [33m404 [0m6.958 ms - 2519[0m
[0mOPTIONS / [32m204 [0m1.206 ms - 0[0m
[0mPOST / [33m404 [0m6.592 ms - 28[0m
[0mOPTIONS /api/category/main/list [32m204 [0m7.359 ms - 0[0m
[0mGET /api/category/main/list [32m200 [0m25.127 ms - 291[0m
[0mOPTIONS /api/category/main/list [32m204 [0m1.338 ms - 0[0m
[0mGET /api/category/main/list [32m200 [0m9.342 ms - 291[0m
[0mOPTIONS /api/category/main/list [32m204 [0m1.420 ms - 0[0m
[0mGET /api/category/main/list [32m200 [0m9.533 ms - 291[0m
[0mOPTIONS /api/category/main/list [32m204 [0m1.528 ms - 0[0m
[0mGET /api/category/main/list [32m200 [0m7.455 ms - 291[0m
[0mOPTIONS /api/category/main/list [32m204 [0m1.316 ms - 0[0m
[0mGET /api/category/main/list [32m200 [0m5.229 ms - 291[0m
[0mOPTIONS /api/category/main/list [32m204 [0m1.352 ms - 0[0m
[0mGET /api/category/main/list [32m200 [0m5.556 ms - 291[0m
[0mGET /api/category/main/list [32m200 [0m7.689 ms - 291[0m
[0mOPTIONS /api/category/main/list [32m204 [0m1.366 ms - 0[0m
[0mGET /api/category/main/list [32m200 [0m5.795 ms - 291[0m
[0mOPTIONS /api/category/main/list [32m204 [0m3.248 ms - 0[0m
[0mGET /api/category/main/list [32m200 [0m14.563 ms - 291[0m
[0mPOST /api/category/create [32m200 [0m190.176 ms - 55[0m
[0mGET /api/category/main/list [32m200 [0m19.148 ms - 427[0m
[0mOPTIONS /api/category/main/list [32m204 [0m5.961 ms - 0[0m
[0mGET /api/category/main/list [32m200 [0m17.099 ms - 427[0m
[0mOPTIONS /api/category/main/list [32m204 [0m3.274 ms - 0[0m
[0mGET /api/category/main/list [32m200 [0m28.957 ms - 427[0m
[0mOPTIONS /api/category/main/list [32m204 [0m3.007 ms - 0[0m
[0mGET /api/category/main/list [32m200 [0m13.712 ms - 427[0m
[0mOPTIONS /api/category/main/list [32m204 [0m1.687 ms - 0[0m
[0mGET /api/category/main/list [32m200 [0m7.556 ms - 427[0m
[0mOPTIONS /api/category/main/list [32m204 [0m2.794 ms - 0[0m
[0mGET /api/category/main/list [32m200 [0m158.076 ms - 427[0m
[0mPOST /api/category/create [32m200 [0m1433.124 ms - 55[0m
[0mOPTIONS /api/category/main/list [32m204 [0m36.806 ms - 0[0m
[0mGET /api/category/main/list [32m200 [0m87.501 ms - 427[0m
[0mOPTIONS /api/category/main/list [32m204 [0m2.757 ms - 0[0m
[0mGET /api/category/main/list [32m200 [0m10.003 ms - 427[0m
[0mOPTIONS /api/category/main/list [32m204 [0m2.448 ms - 0[0m
[0mGET /api/category/main/list [32m200 [0m12.543 ms - 427[0m
[0mOPTIONS /api/category/main/list [32m204 [0m1.722 ms - 0[0m
[0mGET /api/category/main/list [32m200 [0m9.915 ms - 427[0m
[0mOPTIONS /api/category/main/list [32m204 [0m1.572 ms - 0[0m
[0mGET /api/category/main/list [32m200 [0m32.730 ms - 427[0m
[0mOPTIONS /api/category/main/list [32m204 [0m24.717 ms - 0[0m
[0mGET /api/category/main/list [32m200 [0m13.656 ms - 427[0m
[0mOPTIONS /api/category/main/list [32m204 [0m32.595 ms - 0[0m
[0mGET /api/category/main/list [32m200 [0m7.399 ms - 427[0m
[0mOPTIONS /api/category/main/list [32m204 [0m1.939 ms - 0[0m
[0mGET /api/category/main/list [32m200 [0m41.715 ms - 427[0m
[0mOPTIONS /api/category/main/list [32m204 [0m47.028 ms - 0[0m
[0mGET /api/category/main/list [32m200 [0m144.610 ms - 427[0m
[0mOPTIONS /api/category/main/list [32m204 [0m23.375 ms - 0[0m
[0mGET /api/category/main/list [32m200 [0m38.284 ms - 427[0m
[0mOPTIONS /api/category/create [32m204 [0m42.762 ms - 0[0m
[0mPOST /api/category/create [32m200 [0m626.626 ms - 55[0m
[0mOPTIONS /api/category/create [32m204 [0m2.638 ms - 0[0m
[0mPOST /api/category/create [32m200 [0m194.377 ms - 55[0m
[0mOPTIONS /api/category/main/list [32m204 [0m1.795 ms - 0[0m
[0mGET /api/category/main/list [32m200 [0m7.202 ms - 681[0m
[0mOPTIONS /api/category/main/list [32m204 [0m2.364 ms - 0[0m
[0mGET /api/category/main/list [32m200 [0m68.207 ms - 681[0m
[0mOPTIONS /api/category/main/list [32m204 [0m1.437 ms - 0[0m
[0mPOST /api/category/main/list [33m404 [0m91.080 ms - 28[0m
[0mOPTIONS /api/category/main/list [32m204 [0m1.956 ms - 0[0m
[0mGET /api/category/main/list [32m200 [0m53.861 ms - 681[0m
[0mOPTIONS /api/category/main/list [32m204 [0m14.785 ms - 0[0m
[0mGET /api/category/main/list [32m200 [0m19.255 ms - 681[0m
[0mOPTIONS /api/category/create [32m204 [0m2.013 ms - 0[0m
[0mPOST /api/category/create [32m200 [0m135.484 ms - 55[0m
[0mOPTIONS /api/category/main/list [32m204 [0m2.292 ms - 0[0m
[0mGET /api/category/main/list [32m200 [0m9.411 ms - 801[0m
[0mOPTIONS /api/category/create [32m204 [0m2.290 ms - 0[0m
[0mPOST /api/category/create [32m200 [0m148.878 ms - 55[0m
[0mOPTIONS /api/category/main/list [32m204 [0m1.895 ms - 0[0m
[0mGET /api/category/main/list [32m200 [0m10.806 ms - 916[0m
[0mOPTIONS /api/category/create [32m204 [0m2.007 ms - 0[0m
[0mPOST /api/category/create [32m200 [0m260.436 ms - 55[0m
[0mOPTIONS /api/category/create [32m204 [0m18.478 ms - 0[0m
[0mPOST /api/category/create [32m200 [0m126.717 ms - 55[0m
[0mOPTIONS /api/category/main/list [32m204 [0m8.891 ms - 0[0m
[0mGET /api/category/main/list [0m- [0m- ms - -[0m
[0mOPTIONS /api/category/main/list [32m204 [0m1.328 ms - 0[0m
[0mGET /api/category/main/list [32m200 [0m15.705 ms - 1178[0m
[0mOPTIONS / [32m204 [0m1.061 ms - 0[0m
[0mGET / [33m404 [0m453.031 ms - 2519[0m
[0mGET / [33m404 [0m4.340 ms - 2519[0m
[0mOPTIONS /api/category/main/list [32m204 [0m1.013 ms - 0[0m
[0mGET /api/category/main/list [32m200 [0m3.960 ms - 1178[0m
[0mOPTIONS /api/category/create [32m204 [0m1.106 ms - 0[0m
[0mPOST /api/category/create [32m200 [0m406.205 ms - 55[0m
[0mOPTIONS /api/category/main/list [32m204 [0m1.249 ms - 0[0m
[0mGET /api/category/main/list [32m200 [0m7.106 ms - 1298[0m
[0mOPTIONS /api/category/create [32m204 [0m2.647 ms - 0[0m
[0mPOST /api/category/create [32m200 [0m754.812 ms - 55[0m
[0mOPTIONS /api/category/create [32m204 [0m1.087 ms - 0[0m
[0mPOST /api/category/create [32m200 [0m205.049 ms - 55[0m
[0mOPTIONS / [32m204 [0m1.954 ms - 0[0m
[0mGET / [33m404 [0m4.132 ms - 2519[0m
[0mOPTIONS / [32m204 [0m0.946 ms - 0[0m
[0mGET / [33m404 [0m5.624 ms - 2519[0m
[0mOPTIONS / [32m204 [0m1.218 ms - 0[0m
[0mGET / [33m404 [0m6.474 ms - 2519[0m
[0mGET / [33m404 [0m13.715 ms - 2519[0m
[0mPOST /api/category/sub-create [33m404 [0m2.413 ms - 28[0m
[0mPOST /api/category/sub-create [33m404 [0m10.492 ms - 28[0m
[0mPOST /api/category//sub-category/create [32m200 [0m147.916 ms - 55[0m
[0mPOST /api/category//sub-category/create [32m200 [0m258.706 ms - 55[0m
[0mOPTIONS / [32m204 [0m3.780 ms - 0[0m
[0mGET / [33m404 [0m21.831 ms - 2519[0m
[0mPOST /api/category//sub-category/create [32m200 [0m579.725 ms - 55[0m
[0mPOST /api/category//sub-category/create [32m200 [0m175.317 ms - 55[0m
[0mPOST /api/category//sub-category/create [31m500 [0m358.230 ms - 34[0m
[0mPOST /api/category//sub-category/create [31m500 [0m7.287 ms - 34[0m
[0mPOST /api/category//sub-category/create [31m500 [0m34.568 ms - 34[0m
